<?xml version="1.0" encoding="UTF-8"?>
<testsuite name="agh.ics.oop.Vector2dTest" tests="9" skipped="0" failures="0" errors="0" timestamp="2021-10-27T19:27:39" hostname="bchwast-Swift-SF314-42" time="0.083">
  <properties/>
  <testcase name="subtract()" classname="agh.ics.oop.Vector2dTest" time="0.046"/>
  <testcase name="toStirng()" classname="agh.ics.oop.Vector2dTest" time="0.014"/>
  <testcase name="upperRight()" classname="agh.ics.oop.Vector2dTest" time="0.002"/>
  <testcase name="equals()" classname="agh.ics.oop.Vector2dTest" time="0.006"/>
  <testcase name="precedes()" classname="agh.ics.oop.Vector2dTest" time="0.002"/>
  <testcase name="follows()" classname="agh.ics.oop.Vector2dTest" time="0.002"/>
  <testcase name="lowerLeft()" classname="agh.ics.oop.Vector2dTest" time="0.001"/>
  <testcase name="opposite()" classname="agh.ics.oop.Vector2dTest" time="0.001"/>
  <testcase name="add()" classname="agh.ics.oop.Vector2dTest" time="0.001"/>
  <system-out><![CDATA[]]></system-out>
  <system-err><![CDATA[]]></system-err>
</testsuite>
